2025-10-16 17:08:00 | DEBUG | repo=pv243-a4m36jee-2016-web-seminar | action=commit
2025-06-13 15:40:00 | DEBUG | repo=pv243-a4m36jee-2016-web-seminar | action=commit
2025-11-07 08:55:00 | DEBUG | repo=pv243-a4m36jee-2016-web-seminar | action=commit
2025-07-16 15:13:00 | INFO | repo=pv243-a4m36jee-2016-web-seminar | action=commit
2025-12-15 16:53:00 | INFO | repo=pv243-a4m36jee-2016-web-seminar | action=test | passed=true
2025-09-02 12:11:00 | DEBUG | repo=pv243-a4m36jee-2016-web-seminar | action=commit
2025-08-03 21:38:00 | INFO | repo=pv243-a4m36jee-2016-web-seminar | action=commit
2025-04-07 10:03:00 | DEBUG | repo=pv243-a4m36jee-2016-web-seminar | action=pull
2025-02-21 08:00:00 | INFO | repo=pv243-a4m36jee-2016-web-seminar | action=commit
2025-02-13 20:21:00 | WARN | repo=pv243-a4m36jee-2016-web-seminar | action=commit
2025-03-16 07:24:00 | WARN | repo=pv243-a4m36jee-2016-web-seminar | action=commit
2025-08-12 08:48:00 | INFO | repo=pv243-a4m36jee-2016-web-seminar | action=commit
2025-07-04 10:58:00 | INFO | repo=pv243-a4m36jee-2016-web-seminar | action=commit
2025-07-17 11:00:00 | WARN | repo=pv243-a4m36jee-2016-web-seminar | action=commit
2025-08-04 18:07:00 | DEBUG | repo=pv243-a4m36jee-2016-web-seminar | action=test | passed=true
2025-07-18 07:11:00 | INFO | repo=pv243-a4m36jee-2016-web-seminar | action=edit | files=4
2025-05-07 19:35:00 | INFO | repo=pv243-a4m36jee-2016-web-seminar | action=commit
2025-12-18 14:00:00 | INFO | repo=pv243-a4m36jee-2016-web-seminar | action=commit
2025-11-02 18:57:00 | DEBUG | repo=pv243-a4m36jee-2016-web-seminar | action=commit
2025-05-13 20:22:00 | WARN | repo=pv243-a4m36jee-2016-web-seminar | action=pull
2025-02-21 13:59:00 | INFO | repo=pv243-a4m36jee-2016-web-seminar | action=commit
